  Actor.cpp
D:\C++\Project\OpenGL2021\Src\Actor.cpp(96,23): warning C4018: '<': signed と unsigned の数値を比較しようとしました。
  PlayerActor.cpp
  RandomMovingEnemyActor.cpp
  T34TankActor.cpp
  GameEngine.cpp
D:\C++\Project\OpenGL2021\Src\GameEngine.cpp(161,27): warning C4018: '<': signed と unsigned の数値を比較しようとしました。
D:\C++\Project\OpenGL2021\Src\GameEngine.cpp(166,27): warning C4018: '<': signed と unsigned の数値を比較しようとしました。
D:\C++\Project\OpenGL2021\Src\GameEngine.cpp(197,23): warning C4018: '<': signed と unsigned の数値を比較しようとしました。
D:\C++\Project\OpenGL2021\Src\GameEngine.cpp(268,23): warning C4018: '<': signed と unsigned の数値を比較しようとしました。
D:\C++\Project\OpenGL2021\Src\GameEngine.cpp(339,23): warning C4018: '<': signed と unsigned の数値を比較しようとしました。
D:\C++\Project\OpenGL2021\Src\GameEngine.cpp(374,23): warning C4018: '<': signed と unsigned の数値を比較しようとしました。
  GameManager.cpp
D:\C++\Project\OpenGL2021\Src\GameManager.cpp(97,31): warning C4018: '<': signed と unsigned の数値を比較しようとしました。
D:\C++\Project\OpenGL2021\Src\GameManager.cpp(213,23): warning C4018: '<': signed と unsigned の数値を比較しようとしました。
D:\C++\Project\OpenGL2021\Src\GameManager.cpp(240,23): warning C4018: '<': signed と unsigned の数値を比較しようとしました。
  imgui_impl_glfw.cpp
  imgui_impl_opengl3.cpp
  Main.cpp
D:\C++\Project\OpenGL2021\Src\Main.cpp(439,43): warning C4018: '>=': signed と unsigned の数値を比較しようとしました。
D:\C++\Project\OpenGL2021\Src\Main.cpp(537,31): warning C4018: '<': signed と unsigned の数値を比較しようとしました。
  Primitive.cpp
D:\C++\Project\OpenGL2021\Src\Primitive.cpp(505,31): warning C4018: '<': signed と unsigned の数値を比較しようとしました。
D:\C++\Project\OpenGL2021\Src\Primitive.cpp(646,34): warning C4018: '<': signed と unsigned の数値を比較しようとしました。
D:\C++\Project\OpenGL2021\Src\Primitive.cpp(661,34): warning C4018: '<': signed と unsigned の数値を比較しようとしました。
D:\C++\Project\OpenGL2021\Src\Primitive.cpp(715,23): warning C4018: '<': signed と unsigned の数値を比較しようとしました。
  Texture.cpp
  コードを生成中...
  glad.c
  OpenGL3D2021.vcxproj -> D:\C++\Project\OpenGL2021\Debug\OpenGL3D2021.exe
